<?xml version="1.0" encoding="UTF-8" ?>
<testsuite failures="0" time="0.421" errors="0" skipped="0" tests="1" name="de.spinscale.dropwizard.jobs.JobsBundleTest">
  <properties>
    <property name="java.runtime.name" value="Java(TM) SE Runtime Environment"/>
    <property name="sun.boot.library.path" value="/System/Library/Java/JavaVirtualMachines/1.6.0.jdk/Contents/Libraries"/>
    <property name="java.vm.version" value="20.51-b01-457"/>
    <property name="awt.nativeDoubleBuffering" value="true"/>
    <property name="gopherProxySet" value="false"/>
    <property name="mrj.build" value="11M4509"/>
    <property name="java.vm.vendor" value="Apple Inc."/>
    <property name="java.vendor.url" value="http://www.apple.com/"/>
    <property name="path.separator" value=":"/>
    <property name="java.vm.name" value="Java HotSpot(TM) 64-Bit Server VM"/>
    <property name="file.encoding.pkg" value="sun.io"/>
    <property name="user.country" value="US"/>
    <property name="sun.java.launcher" value="SUN_STANDARD"/>
    <property name="sun.os.patch.level" value="unknown"/>
    <property name="java.vm.specification.name" value="Java Virtual Machine Specification"/>
    <property name="user.dir" value="/Users/akshaywattal/Documents/SJSU/dropwizard-jobs"/>
    <property name="java.runtime.version" value="1.6.0_51-b11-457-11M4509"/>
    <property name="java.awt.graphicsenv" value="apple.awt.CGraphicsEnvironment"/>
    <property name="basedir" value="/Users/akshaywattal/Documents/SJSU/dropwizard-jobs"/>
    <property name="java.endorsed.dirs" value="/System/Library/Java/JavaVirtualMachines/1.6.0.jdk/Contents/Home/lib/endorsed"/>
    <property name="os.arch" value="x86_64"/>
    <property name="surefire.real.class.path" value="/Users/akshaywattal/Documents/SJSU/dropwizard-jobs/target/surefire/surefirebooter366322203690548800.jar"/>
    <property name="java.io.tmpdir" value="/var/folders/zs/hlg04rb560398bs_v_wsd1q80000gn/T/"/>
    <property name="line.separator" value="
"/>
    <property name="java.vm.specification.vendor" value="Sun Microsystems Inc."/>
    <property name="os.name" value="Mac OS X"/>
    <property name="sun.jnu.encoding" value="MacRoman"/>
    <property name="java.library.path" value=".:/Users/akshaywattal/Library/Java/Extensions:/Library/Java/Extensions:/System/Library/Java/Extensions:/usr/lib/java"/>
    <property name="surefire.test.class.path" value="/Users/akshaywattal/Documents/SJSU/dropwizard-jobs/target/test-classes:/Users/akshaywattal/Documents/SJSU/dropwizard-jobs/target/classes:/Users/akshaywattal/.m2/repository/com/yammer/dropwizard/dropwizard-core/0.6.2/dropwizard-core-0.6.2.jar:/Users/akshaywattal/.m2/repository/com/sun/jersey/jersey-core/1.17.1/jersey-core-1.17.1.jar:/Users/akshaywattal/.m2/repository/com/sun/jersey/jersey-server/1.17.1/jersey-server-1.17.1.jar:/Users/akshaywattal/.m2/repository/asm/asm/3.1/asm-3.1.jar:/Users/akshaywattal/.m2/repository/com/sun/jersey/jersey-servlet/1.17.1/jersey-servlet-1.17.1.jar:/Users/akshaywattal/.m2/repository/com/yammer/metrics/metrics-core/2.2.0/metrics-core-2.2.0.jar:/Users/akshaywattal/.m2/repository/com/yammer/metrics/metrics-servlet/2.2.0/metrics-servlet-2.2.0.jar:/Users/akshaywattal/.m2/repository/com/yammer/metrics/metrics-jetty/2.2.0/metrics-jetty-2.2.0.jar:/Users/akshaywattal/.m2/repository/com/yammer/metrics/metrics-logback/2.2.0/metrics-logback-2.2.0.jar:/Users/akshaywattal/.m2/repository/com/yammer/metrics/metrics-jersey/2.2.0/metrics-jersey-2.2.0.jar:/Users/akshaywattal/.m2/repository/com/yammer/metrics/metrics-annotation/2.2.0/metrics-annotation-2.2.0.jar:/Users/akshaywattal/.m2/repository/com/fasterxml/jackson/core/jackson-databind/2.1.4/jackson-databind-2.1.4.jar:/Users/akshaywattal/.m2/repository/com/fasterxml/jackson/core/jackson-annotations/2.1.4/jackson-annotations-2.1.4.jar:/Users/akshaywattal/.m2/repository/com/fasterxml/jackson/core/jackson-core/2.1.4/jackson-core-2.1.4.jar:/Users/akshaywattal/.m2/repository/com/fasterxml/jackson/jaxrs/jackson-jaxrs-json-provider/2.1.4/jackson-jaxrs-json-provider-2.1.4.jar:/Users/akshaywattal/.m2/repository/com/fasterxml/jackson/module/jackson-module-jaxb-annotations/2.1.4/jackson-module-jaxb-annotations-2.1.4.jar:/Users/akshaywattal/.m2/repository/com/fasterxml/jackson/dataformat/jackson-dataformat-yaml/2.1.4/jackson-dataformat-yaml-2.1.4.jar:/Users/akshaywattal/.m2/repository/com/fasterxml/jackson/datatype/jackson-datatype-guava/2.1.2/jackson-datatype-guava-2.1.2.jar:/Users/akshaywattal/.m2/repository/net/sourceforge/argparse4j/argparse4j/0.4.0/argparse4j-0.4.0.jar:/Users/akshaywattal/.m2/repository/org/slf4j/slf4j-api/1.7.4/slf4j-api-1.7.4.jar:/Users/akshaywattal/.m2/repository/org/slf4j/jul-to-slf4j/1.7.4/jul-to-slf4j-1.7.4.jar:/Users/akshaywattal/.m2/repository/ch/qos/logback/logback-core/1.0.10/logback-core-1.0.10.jar:/Users/akshaywattal/.m2/repository/ch/qos/logback/logback-classic/1.0.10/logback-classic-1.0.10.jar:/Users/akshaywattal/.m2/repository/org/slf4j/log4j-over-slf4j/1.7.4/log4j-over-slf4j-1.7.4.jar:/Users/akshaywattal/.m2/repository/org/eclipse/jetty/jetty-server/8.1.10.v20130312/jetty-server-8.1.10.v20130312.jar:/Users/akshaywattal/.m2/repository/org/eclipse/jetty/orbit/javax.servlet/3.0.0.v201112011016/javax.servlet-3.0.0.v201112011016.jar:/Users/akshaywattal/.m2/repository/org/eclipse/jetty/jetty-continuation/8.1.10.v20130312/jetty-continuation-8.1.10.v20130312.jar:/Users/akshaywattal/.m2/repository/org/eclipse/jetty/jetty-servlet/8.1.10.v20130312/jetty-servlet-8.1.10.v20130312.jar:/Users/akshaywattal/.m2/repository/org/eclipse/jetty/jetty-security/8.1.10.v20130312/jetty-security-8.1.10.v20130312.jar:/Users/akshaywattal/.m2/repository/org/eclipse/jetty/jetty-http/8.1.10.v20130312/jetty-http-8.1.10.v20130312.jar:/Users/akshaywattal/.m2/repository/org/eclipse/jetty/jetty-io/8.1.10.v20130312/jetty-io-8.1.10.v20130312.jar:/Users/akshaywattal/.m2/repository/org/eclipse/jetty/jetty-util/8.1.10.v20130312/jetty-util-8.1.10.v20130312.jar:/Users/akshaywattal/.m2/repository/com/google/guava/guava/14.0.1/guava-14.0.1.jar:/Users/akshaywattal/.m2/repository/com/google/code/findbugs/jsr305/2.0.1/jsr305-2.0.1.jar:/Users/akshaywattal/.m2/repository/org/hibernate/hibernate-validator/4.3.1.Final/hibernate-validator-4.3.1.Final.jar:/Users/akshaywattal/.m2/repository/javax/validation/validation-api/1.0.0.GA/validation-api-1.0.0.GA.jar:/Users/akshaywattal/.m2/repository/org/jboss/logging/jboss-logging/3.1.0.CR2/jboss-logging-3.1.0.CR2.jar:/Users/akshaywattal/.m2/repository/joda-time/joda-time/2.2/joda-time-2.2.jar:/Users/akshaywattal/.m2/repository/com/fasterxml/jackson/datatype/jackson-datatype-joda/2.1.2/jackson-datatype-joda-2.1.2.jar:/Users/akshaywattal/.m2/repository/org/quartz-scheduler/quartz/2.2.0/quartz-2.2.0.jar:/Users/akshaywattal/.m2/repository/c3p0/c3p0/0.9.1.1/c3p0-0.9.1.1.jar:/Users/akshaywattal/.m2/repository/org/reflections/reflections/0.9.8/reflections-0.9.8.jar:/Users/akshaywattal/.m2/repository/javassist/javassist/3.12.1.GA/javassist-3.12.1.GA.jar:/Users/akshaywattal/.m2/repository/dom4j/dom4j/1.6.1/dom4j-1.6.1.jar:/Users/akshaywattal/.m2/repository/xml-apis/xml-apis/1.0.b2/xml-apis-1.0.b2.jar:/Users/akshaywattal/.m2/repository/org/hamcrest/hamcrest-all/1.3/hamcrest-all-1.3.jar:/Users/akshaywattal/.m2/repository/junit/junit-dep/4.10/junit-dep-4.10.jar:/Users/akshaywattal/.m2/repository/org/hamcrest/hamcrest-core/1.1/hamcrest-core-1.1.jar:/Users/akshaywattal/.m2/repository/com/yammer/dropwizard/dropwizard-testing/0.6.2/dropwizard-testing-0.6.2.jar:/Users/akshaywattal/.m2/repository/com/sun/jersey/jersey-test-framework/jersey-test-framework-core/1.17.1/jersey-test-framework-core-1.17.1.jar:/Users/akshaywattal/.m2/repository/javax/servlet/javax.servlet-api/3.0.1/javax.servlet-api-3.0.1.jar:/Users/akshaywattal/.m2/repository/com/sun/jersey/jersey-client/1.17.1/jersey-client-1.17.1.jar:/Users/akshaywattal/.m2/repository/com/sun/jersey/jersey-test-framework/jersey-test-framework-inmemory/1.17.1/jersey-test-framework-inmemory-1.17.1.jar:/Users/akshaywattal/.m2/repository/junit/junit/4.11/junit-4.11.jar:/Users/akshaywattal/.m2/repository/org/mockito/mockito-all/1.9.5/mockito-all-1.9.5.jar:/Users/akshaywattal/.m2/repository/org/easytesting/fest-assert-core/2.0M10/fest-assert-core-2.0M10.jar:/Users/akshaywattal/.m2/repository/org/easytesting/fest-util/1.2.5/fest-util-1.2.5.jar:"/>
    <property name="java.specification.name" value="Java Platform API Specification"/>
    <property name="java.class.version" value="50.0"/>
    <property name="sun.management.compiler" value="HotSpot 64-Bit Tiered Compilers"/>
    <property name="os.version" value="10.8.4"/>
    <property name="http.nonProxyHosts" value="local|*.local|169.254/16|*.169.254/16"/>
    <property name="user.home" value="/Users/akshaywattal"/>
    <property name="user.timezone" value="America/Los_Angeles"/>
    <property name="java.awt.printerjob" value="apple.awt.CPrinterJob"/>
    <property name="java.specification.version" value="1.6"/>
    <property name="file.encoding" value="MacRoman"/>
    <property name="user.name" value="akshaywattal"/>
    <property name="java.class.path" value="/Users/akshaywattal/Documents/SJSU/dropwizard-jobs/target/test-classes:/Users/akshaywattal/Documents/SJSU/dropwizard-jobs/target/classes:/Users/akshaywattal/.m2/repository/com/yammer/dropwizard/dropwizard-core/0.6.2/dropwizard-core-0.6.2.jar:/Users/akshaywattal/.m2/repository/com/sun/jersey/jersey-core/1.17.1/jersey-core-1.17.1.jar:/Users/akshaywattal/.m2/repository/com/sun/jersey/jersey-server/1.17.1/jersey-server-1.17.1.jar:/Users/akshaywattal/.m2/repository/asm/asm/3.1/asm-3.1.jar:/Users/akshaywattal/.m2/repository/com/sun/jersey/jersey-servlet/1.17.1/jersey-servlet-1.17.1.jar:/Users/akshaywattal/.m2/repository/com/yammer/metrics/metrics-core/2.2.0/metrics-core-2.2.0.jar:/Users/akshaywattal/.m2/repository/com/yammer/metrics/metrics-servlet/2.2.0/metrics-servlet-2.2.0.jar:/Users/akshaywattal/.m2/repository/com/yammer/metrics/metrics-jetty/2.2.0/metrics-jetty-2.2.0.jar:/Users/akshaywattal/.m2/repository/com/yammer/metrics/metrics-logback/2.2.0/metrics-logback-2.2.0.jar:/Users/akshaywattal/.m2/repository/com/yammer/metrics/metrics-jersey/2.2.0/metrics-jersey-2.2.0.jar:/Users/akshaywattal/.m2/repository/com/yammer/metrics/metrics-annotation/2.2.0/metrics-annotation-2.2.0.jar:/Users/akshaywattal/.m2/repository/com/fasterxml/jackson/core/jackson-databind/2.1.4/jackson-databind-2.1.4.jar:/Users/akshaywattal/.m2/repository/com/fasterxml/jackson/core/jackson-annotations/2.1.4/jackson-annotations-2.1.4.jar:/Users/akshaywattal/.m2/repository/com/fasterxml/jackson/core/jackson-core/2.1.4/jackson-core-2.1.4.jar:/Users/akshaywattal/.m2/repository/com/fasterxml/jackson/jaxrs/jackson-jaxrs-json-provider/2.1.4/jackson-jaxrs-json-provider-2.1.4.jar:/Users/akshaywattal/.m2/repository/com/fasterxml/jackson/module/jackson-module-jaxb-annotations/2.1.4/jackson-module-jaxb-annotations-2.1.4.jar:/Users/akshaywattal/.m2/repository/com/fasterxml/jackson/dataformat/jackson-dataformat-yaml/2.1.4/jackson-dataformat-yaml-2.1.4.jar:/Users/akshaywattal/.m2/repository/com/fasterxml/jackson/datatype/jackson-datatype-guava/2.1.2/jackson-datatype-guava-2.1.2.jar:/Users/akshaywattal/.m2/repository/net/sourceforge/argparse4j/argparse4j/0.4.0/argparse4j-0.4.0.jar:/Users/akshaywattal/.m2/repository/org/slf4j/slf4j-api/1.7.4/slf4j-api-1.7.4.jar:/Users/akshaywattal/.m2/repository/org/slf4j/jul-to-slf4j/1.7.4/jul-to-slf4j-1.7.4.jar:/Users/akshaywattal/.m2/repository/ch/qos/logback/logback-core/1.0.10/logback-core-1.0.10.jar:/Users/akshaywattal/.m2/repository/ch/qos/logback/logback-classic/1.0.10/logback-classic-1.0.10.jar:/Users/akshaywattal/.m2/repository/org/slf4j/log4j-over-slf4j/1.7.4/log4j-over-slf4j-1.7.4.jar:/Users/akshaywattal/.m2/repository/org/eclipse/jetty/jetty-server/8.1.10.v20130312/jetty-server-8.1.10.v20130312.jar:/Users/akshaywattal/.m2/repository/org/eclipse/jetty/orbit/javax.servlet/3.0.0.v201112011016/javax.servlet-3.0.0.v201112011016.jar:/Users/akshaywattal/.m2/repository/org/eclipse/jetty/jetty-continuation/8.1.10.v20130312/jetty-continuation-8.1.10.v20130312.jar:/Users/akshaywattal/.m2/repository/org/eclipse/jetty/jetty-servlet/8.1.10.v20130312/jetty-servlet-8.1.10.v20130312.jar:/Users/akshaywattal/.m2/repository/org/eclipse/jetty/jetty-security/8.1.10.v20130312/jetty-security-8.1.10.v20130312.jar:/Users/akshaywattal/.m2/repository/org/eclipse/jetty/jetty-http/8.1.10.v20130312/jetty-http-8.1.10.v20130312.jar:/Users/akshaywattal/.m2/repository/org/eclipse/jetty/jetty-io/8.1.10.v20130312/jetty-io-8.1.10.v20130312.jar:/Users/akshaywattal/.m2/repository/org/eclipse/jetty/jetty-util/8.1.10.v20130312/jetty-util-8.1.10.v20130312.jar:/Users/akshaywattal/.m2/repository/com/google/guava/guava/14.0.1/guava-14.0.1.jar:/Users/akshaywattal/.m2/repository/com/google/code/findbugs/jsr305/2.0.1/jsr305-2.0.1.jar:/Users/akshaywattal/.m2/repository/org/hibernate/hibernate-validator/4.3.1.Final/hibernate-validator-4.3.1.Final.jar:/Users/akshaywattal/.m2/repository/javax/validation/validation-api/1.0.0.GA/validation-api-1.0.0.GA.jar:/Users/akshaywattal/.m2/repository/org/jboss/logging/jboss-logging/3.1.0.CR2/jboss-logging-3.1.0.CR2.jar:/Users/akshaywattal/.m2/repository/joda-time/joda-time/2.2/joda-time-2.2.jar:/Users/akshaywattal/.m2/repository/com/fasterxml/jackson/datatype/jackson-datatype-joda/2.1.2/jackson-datatype-joda-2.1.2.jar:/Users/akshaywattal/.m2/repository/org/quartz-scheduler/quartz/2.2.0/quartz-2.2.0.jar:/Users/akshaywattal/.m2/repository/c3p0/c3p0/0.9.1.1/c3p0-0.9.1.1.jar:/Users/akshaywattal/.m2/repository/org/reflections/reflections/0.9.8/reflections-0.9.8.jar:/Users/akshaywattal/.m2/repository/javassist/javassist/3.12.1.GA/javassist-3.12.1.GA.jar:/Users/akshaywattal/.m2/repository/dom4j/dom4j/1.6.1/dom4j-1.6.1.jar:/Users/akshaywattal/.m2/repository/xml-apis/xml-apis/1.0.b2/xml-apis-1.0.b2.jar:/Users/akshaywattal/.m2/repository/org/hamcrest/hamcrest-all/1.3/hamcrest-all-1.3.jar:/Users/akshaywattal/.m2/repository/junit/junit-dep/4.10/junit-dep-4.10.jar:/Users/akshaywattal/.m2/repository/org/hamcrest/hamcrest-core/1.1/hamcrest-core-1.1.jar:/Users/akshaywattal/.m2/repository/com/yammer/dropwizard/dropwizard-testing/0.6.2/dropwizard-testing-0.6.2.jar:/Users/akshaywattal/.m2/repository/com/sun/jersey/jersey-test-framework/jersey-test-framework-core/1.17.1/jersey-test-framework-core-1.17.1.jar:/Users/akshaywattal/.m2/repository/javax/servlet/javax.servlet-api/3.0.1/javax.servlet-api-3.0.1.jar:/Users/akshaywattal/.m2/repository/com/sun/jersey/jersey-client/1.17.1/jersey-client-1.17.1.jar:/Users/akshaywattal/.m2/repository/com/sun/jersey/jersey-test-framework/jersey-test-framework-inmemory/1.17.1/jersey-test-framework-inmemory-1.17.1.jar:/Users/akshaywattal/.m2/repository/junit/junit/4.11/junit-4.11.jar:/Users/akshaywattal/.m2/repository/org/mockito/mockito-all/1.9.5/mockito-all-1.9.5.jar:/Users/akshaywattal/.m2/repository/org/easytesting/fest-assert-core/2.0M10/fest-assert-core-2.0M10.jar:/Users/akshaywattal/.m2/repository/org/easytesting/fest-util/1.2.5/fest-util-1.2.5.jar:"/>
    <property name="java.vm.specification.version" value="1.0"/>
    <property name="sun.arch.data.model" value="64"/>
    <property name="java.home" value="/System/Library/Java/JavaVirtualMachines/1.6.0.jdk/Contents/Home"/>
    <property name="sun.java.command" value="/Users/akshaywattal/Documents/SJSU/dropwizard-jobs/target/surefire/surefirebooter366322203690548800.jar /Users/akshaywattal/Documents/SJSU/dropwizard-jobs/target/surefire/surefire546719148028190322tmp /Users/akshaywattal/Documents/SJSU/dropwizard-jobs/target/surefire/surefire7823752602693180914tmp"/>
    <property name="java.specification.vendor" value="Sun Microsystems Inc."/>
    <property name="user.language" value="en"/>
    <property name="awt.toolkit" value="apple.awt.CToolkit"/>
    <property name="java.vm.info" value="mixed mode"/>
    <property name="java.version" value="1.6.0_51"/>
    <property name="java.ext.dirs" value="/Users/akshaywattal/Library/Java/Extensions:/Library/Java/Extensions:/System/Library/Java/Extensions:/System/Library/Java/JavaVirtualMachines/1.6.0.jdk/Contents/Home/lib/ext"/>
    <property name="sun.boot.class.path" value="/System/Library/Java/JavaVirtualMachines/1.6.0.jdk/Contents/Classes/jsfd.jar:/System/Library/Java/JavaVirtualMachines/1.6.0.jdk/Contents/Classes/classes.jar:/System/Library/Frameworks/JavaVM.framework/Frameworks/JavaRuntimeSupport.framework/Resources/Java/JavaRuntimeSupport.jar:/System/Library/Java/JavaVirtualMachines/1.6.0.jdk/Contents/Classes/ui.jar:/System/Library/Java/JavaVirtualMachines/1.6.0.jdk/Contents/Classes/laf.jar:/System/Library/Java/JavaVirtualMachines/1.6.0.jdk/Contents/Classes/sunrsasign.jar:/System/Library/Java/JavaVirtualMachines/1.6.0.jdk/Contents/Classes/jsse.jar:/System/Library/Java/JavaVirtualMachines/1.6.0.jdk/Contents/Classes/jce.jar:/System/Library/Java/JavaVirtualMachines/1.6.0.jdk/Contents/Classes/charsets.jar"/>
    <property name="java.vendor" value="Apple Inc."/>
    <property name="localRepository" value="/Users/akshaywattal/.m2/repository"/>
    <property name="file.separator" value="/"/>
    <property name="java.vendor.url.bug" value="http://bugreport.apple.com/"/>
    <property name="sun.cpu.endian" value="little"/>
    <property name="sun.io.unicode.encoding" value="UnicodeLittle"/>
    <property name="mrj.version" value="1070.1.6.0_51-457"/>
    <property name="socksNonProxyHosts" value="local|*.local|169.254/16|*.169.254/16"/>
    <property name="ftp.nonProxyHosts" value="local|*.local|169.254/16|*.169.254/16"/>
    <property name="sun.cpu.isalist" value=""/>
  </properties>
  <testcase time="0.042" classname="de.spinscale.dropwizard.jobs.JobsBundleTest" name="assertJobsBundleIsWorking"/>
</testsuite>